<?xml version="1.0" encoding="UTF-8"?>
<!-- Generated by org.testng.reporters.JUnitReportReporter -->
<testsuite skipped="0" hostname="DESKTOP-N308L1J" name="test.AddContactTest" tests="1" failures="0" timestamp="22 May 2022 17:29:27 GMT" time="30.940" errors="0">
  <testcase name="validUserShouldBeAbleToAddCustomerFromListCustomer" time="30.940" classname="test.AddContactTest"/>
</testsuite> <!-- test.AddContactTest -->
