<?xml version="1.0" encoding="UTF-8"?>
<!-- Generated by org.testng.reporters.JUnitReportReporter -->
<testsuite skipped="0" hostname="DESKTOP-N308L1J" name="test.ListCustomerTest" tests="1" failures="0" timestamp="22 May 2022 17:42:29 GMT" time="33.029" errors="0">
  <testcase name="validUserShouldBeAbleToAddCustomerFromListCustomer" time="33.029" classname="test.ListCustomerTest"/>
</testsuite> <!-- test.ListCustomerTest -->
